{
    "message": {
        "duplicate_addresses": [
            {
                "address": "bc1q6kf7mzagkxk537lr8x2y9majjalng9tfvz8mcm",
                "count": 600,
                "amount_satoshi": 37320000,
                "amount_btc": 0.3732
            },
            {
                "address": "34mGBQsJ14rKpcf9xmsw3a9kc9YHhE4KoW",
                "count": 600,
                "amount_satoshi": 37320000,
                "amount_btc": 0.3732
            },
            {
                "address": "bc1qj8ef5yyrhpks0q0zsjd8nhyfsgmjqkpxljtuaj",
                "count": 600,
                "amount_satoshi": 37320000,
                "amount_btc": 0.3732
            },
            {
                "address": "bc1quw0uc85ys8t5j723e395gl7ldfdgcnyluwmqrz",
                "count": 600,
                "amount_satoshi": 37320000,
                "amount_btc": 0.3732
            },
            {
                "address": "bc1qlynnypfmnk04nur4789junfaxmg7smxw3tvrxa",
                "count": 600,
                "amount_satoshi": 37320000,
                "amount_btc": 0.3732
            },
            {
                "address": "bc1qkxqr6ywrqxadglvx4nlxzfweka8jtrdvf5zt6w",
                "count": 600,
                "amount_satoshi": 37320000,
                "amount_btc": 0.3732
            },
            {
                "address": "bc1q4d08ajvpmrtf2k4h47zdvelfj75wvx9e0mlnu2",
                "count": 600,
                "amount_satoshi": 37320000,
                "amount_btc": 0.3732
            },
            {
                "address": "37atp3VMFE7NjmrktavBj9bdaP4yFwVgAb",
                "count": 600,
                "amount_satoshi": 37320000,
                "amount_btc": 0.3732
            },
            {
                "address": "bc1qy4mrjunl60ley84kaevjmh7qfmd228um7f4l54",
                "count": 600,
                "amount_satoshi": 37320000,
                "amount_btc": 0.3732
            },
            {
                "address": "bc1qm2rlzyexwuurxna46qe9qae7624746tq4rg4vw",
                "count": 600,
                "amount_satoshi": 37320000,
                "amount_btc": 0.3732
            },
            {
                "address": "3BKA5N6e8mbFynBqBpKQvjb1RPGL3d7TKY",
                "count": 600,
                "amount_satoshi": 37320000,
                "amount_btc": 0.3732
            },
            {
                "address": "34hB1JNbTsTe6g5wfQ8VCSpCfUGqi6XZJ5",
                "count": 600,
                "amount_satoshi": 37320000,
                "amount_btc": 0.3732
            },
            {
                "address": "bc1qynxhh24p06xc6qrhe7cs9q8d4pcq73m6pv6cg7",
                "count": 600,
                "amount_satoshi": 37320000,
                "amount_btc": 0.3732
            },
            {
                "address": "bc1qlpsd2r0rcemkqflkmhajkfsw428gmwu2v2snhn",
                "count": 600,
                "amount_satoshi": 37320000,
                "amount_btc": 0.3732
            },
            {
                "address": "bc1q8drqf5jzk2ru2d45y2ym600nrdu95pk2gk3yt8",
                "count": 600,
                "amount_satoshi": 37320000,
                "amount_btc": 0.3732
            },
            {
                "address": "399kus8PxhrYE93kwSJZqCHjgvViZ9m2FK",
                "count": 600,
                "amount_satoshi": 37320000,
                "amount_btc": 0.3732
            },
            {
                "address": "bc1qmqmd2y50y0plg0cl0a8cvs27nsh4z73dshqfkm",
                "count": 600,
                "amount_satoshi": 37320000,
                "amount_btc": 0.3732
            },
            {
                "address": "bc1qdn8gtwdtla0wy86vhz3fl8h5wdu293q04emgd5",
                "count": 600,
                "amount_satoshi": 37320000,
                "amount_btc": 0.3732
            },
            {
                "address": "369oSB5osDQGKQPkpVAi9wSMoPya77JhNB",
                "count": 600,
                "amount_satoshi": 37320000,
                "amount_btc": 0.3732
            },
            {
                "address": "34CHVykM6Hd1VbGdir9JLWejprEky8JgDq",
                "count": 600,
                "amount_satoshi": 37320000,
                "amount_btc": 0.3732
            },
            {
                "address": "bc1qfhhytyg6atc9pt5jqqxgthxdj7g6r23jtm3ang",
                "count": 600,
                "amount_satoshi": 37320000,
                "amount_btc": 0.3732
            },
            {
                "address": "bc1qu6kgv8f0vnn0mdljade930lxk8tfr0p29lqftn",
                "count": 600,
                "amount_satoshi": 37320000,
                "amount_btc": 0.3732
            },
            {
                "address": "3313Cx86EmvPxF558aj9etnqvPG1CZYCQW",
                "count": 600,
                "amount_satoshi": 37320000,
                "amount_btc": 0.3732
            },
            {
                "address": "35RwvuWrDTMwLindWeFfs72nCffDyAPvyD",
                "count": 600,
                "amount_satoshi": 37320000,
                "amount_btc": 0.3732
            },
            {
                "address": "bc1qqd6fn6xhpymergrxxrwc64nshy0uy96q8t9mp3",
                "count": 600,
                "amount_satoshi": 37320000,
                "amount_btc": 0.3732
            },
            {
                "address": "bc1qpt26wr079nqqdl5wppk2z8rzqyw663sk5d7vmm",
                "count": 600,
                "amount_satoshi": 37320000,
                "amount_btc": 0.3732
            },
            {
                "address": "38wr8gEzbiuSM5R4jnzLruA6bNC7ygvoKs",
                "count": 600,
                "amount_satoshi": 37320000,
                "amount_btc": 0.3732
            },
            {
                "address": "bc1q4ljckwgg9tfj7lvcjc5zvq437e7gf9x7t3h8n2",
                "count": 600,
                "amount_satoshi": 37320000,
                "amount_btc": 0.3732
            },
            {
                "address": "3AZFCDcSZB4cHPtT8XmZb6jT5oWaxQKoF1",
                "count": 600,
                "amount_satoshi": 37320000,
                "amount_btc": 0.3732
            },
            {
                "address": "bc1ql4h5682puz8as55tw2w6rsq2m6wpyhdxevhflu",
                "count": 600,
                "amount_satoshi": 37320000,
                "amount_btc": 0.3732
            },
            {
                "address": "bc1q3qvl7e3zdgxq7ggfgezh3h7m37jkx5kv3qlwu8",
                "count": 600,
                "amount_satoshi": 37320000,
                "amount_btc": 0.3732
            },
            {
                "address": "bc1qf9fwrxpyez8a9ndtrajfpxeq23elrxvmr406hv",
                "count": 600,
                "amount_satoshi": 37320000,
                "amount_btc": 0.3732
            },
            {
                "address": "bc1qdq65r3y3fr5ecgzw7wwlqfnpfkwd8qh85nf3pe",
                "count": 600,
                "amount_satoshi": 37320000,
                "amount_btc": 0.3732
            },
            {
                "address": "38ALoyq2ttDX3xE6AcTZHv7UHqiTcPHSe7",
                "count": 600,
                "amount_satoshi": 37320000,
                "amount_btc": 0.3732
            },
            {
                "address": "bc1qnudxa8l8nag5slzqgugyu3axcy7an3wln3jfjw",
                "count": 600,
                "amount_satoshi": 37320000,
                "amount_btc": 0.3732
            },
            {
                "address": "bc1q2rs09qnphgapu8ggzjh763xwh6tjh4cdjjy8hw",
                "count": 600,
                "amount_satoshi": 37320000,
                "amount_btc": 0.3732
            },
            {
                "address": "bc1qcuhj0rp0r6tmjw24hnkndv8gnxhs9mq0sqtrce",
                "count": 600,
                "amount_satoshi": 37320000,
                "amount_btc": 0.3732
            },
            {
                "address": "341gxC1MhDtRiwjXtMfUtwvYLrczgZUTpp",
                "count": 600,
                "amount_satoshi": 37320000,
                "amount_btc": 0.3732
            },
            {
                "address": "bc1qfv700y0s26qwpcd2j5wf5hdrs832c528yml5hg",
                "count": 600,
                "amount_satoshi": 37320000,
                "amount_btc": 0.3732
            },
            {
                "address": "32NujFzvyibhSquKPFGwrDwwdygmoM5CxV",
                "count": 600,
                "amount_satoshi": 37320000,
                "amount_btc": 0.3732
            },
            {
                "address": "3C9HLC6ENNxQevMu3QQTwEounSKRWyr4o7",
                "count": 600,
                "amount_satoshi": 37320000,
                "amount_btc": 0.3732
            },
            {
                "address": "36tyZAywKBdxrteE7odyyQ7dYuiV4RQecu",
                "count": 600,
                "amount_satoshi": 37320000,
                "amount_btc": 0.3732
            },
            {
                "address": "bc1qxkgpaqgucd6z20xgpgu6w38467c595kyq60lep",
                "count": 600,
                "amount_satoshi": 37320000,
                "amount_btc": 0.3732
            },
            {
                "address": "bc1q66earslcm3h0cd55duk02sfsynm5s4q6ygj072",
                "count": 600,
                "amount_satoshi": 37320000,
                "amount_btc": 0.3732
            },
            {
                "address": "bc1qvy4vsnjex9h0hfkq330zp6w3lpx899pgzhttuw",
                "count": 600,
                "amount_satoshi": 37320000,
                "amount_btc": 0.3732
            },
            {
                "address": "bc1q45kqnwgkfnvwzj2ngk6w6drze73kua0n8pjtn7",
                "count": 600,
                "amount_satoshi": 37320000,
                "amount_btc": 0.3732
            },
            {
                "address": "bc1q4a8368n2petvwfy03s0q0u8726cfst089dx84v",
                "count": 600,
                "amount_satoshi": 37320000,
                "amount_btc": 0.3732
            },
            {
                "address": "35XA97PG7bLiynuypWxJuccJ9aUP8FoNkp",
                "count": 600,
                "amount_satoshi": 37320000,
                "amount_btc": 0.3732
            },
            {
                "address": "3AF3F1Fojggv949gibRtQZVvMUMSqZ42X6",
                "count": 600,
                "amount_satoshi": 37320000,
                "amount_btc": 0.3732
            },
            {
                "address": "3CTfvaMSPdAAAxXGQ6eVbbYV4yoEP75QBt",
                "count": 600,
                "amount_satoshi": 37320000,
                "amount_btc": 0.3732
            },
            {
                "address": "bc1qp0uu30epnulc4mznp08k6y9vk2ljqs0zfqals3",
                "count": 600,
                "amount_satoshi": 37320000,
                "amount_btc": 0.3732
            },
            {
                "address": "bc1qzfn47q2fnam8a9f9g6rpzq3kuqney0n05yvj97",
                "count": 600,
                "amount_satoshi": 37320000,
                "amount_btc": 0.3732
            },
            {
                "address": "bc1ql0ty6yxqgz40k703ntdml936hqqsgtu2jxhdzw",
                "count": 600,
                "amount_satoshi": 37320000,
                "amount_btc": 0.3732
            },
            {
                "address": "383QWe7Z3YM4FqHjA5BJVmrSD2ikvYMfBn",
                "count": 600,
                "amount_satoshi": 37320000,
                "amount_btc": 0.3732
            },
            {
                "address": "33DLni89BLr6iuS1s21E5WughTYHmVEKy4",
                "count": 600,
                "amount_satoshi": 37320000,
                "amount_btc": 0.3732
            },
            {
                "address": "bc1qt7q3ewf07g45l9krmjlz9dlzdr4kf87l8m0m5n",
                "count": 600,
                "amount_satoshi": 37320000,
                "amount_btc": 0.3732
            },
            {
                "address": "33bLackkrwR93WTuYvP2u3WMLkg3sH4wHL",
                "count": 600,
                "amount_satoshi": 37320000,
                "amount_btc": 0.3732
            },
            {
                "address": "3AfATciEvdzpC22cJ6iMoiEn7Y1MxPXrXk",
                "count": 600,
                "amount_satoshi": 37320000,
                "amount_btc": 0.3732
            },
            {
                "address": "34p5fqAhRsmkfKSfEfFGVPgdYoDXwZW1cm",
                "count": 600,
                "amount_satoshi": 37320000,
                "amount_btc": 0.3732
            },
            {
                "address": "349WTGeGsExe14ipcU6zJJs3urd3UsvHPi",
                "count": 600,
                "amount_satoshi": 37320000,
                "amount_btc": 0.3732
            },
            {
                "address": "bc1qphzzdjsrxywjg4esa04kjvtjklkk02vul55m9h",
                "count": 600,
                "amount_satoshi": 37320000,
                "amount_btc": 0.3732
            },
            {
                "address": "31p4ARVysUwuJaRbdbQdvVSRnuZ7eUq6bC",
                "count": 600,
                "amount_satoshi": 37320000,
                "amount_btc": 0.3732
            },
            {
                "address": "bc1q87uu64wdk3pp7xwp5sr7cv969aw4duyz3t2pp9",
                "count": 600,
                "amount_satoshi": 37320000,
                "amount_btc": 0.3732
            },
            {
                "address": "39DhLoYqhUrvaB2cWGdEbMuMxCQeminfXT",
                "count": 600,
                "amount_satoshi": 37320000,
                "amount_btc": 0.3732
            },
            {
                "address": "bc1qc6qf3z9xgg5s3wmhu2thh2ftvj4mp6wrhuys5f",
                "count": 600,
                "amount_satoshi": 37320000,
                "amount_btc": 0.3732
            },
            {
                "address": "36FYC6jVDVMYPgUhN4Y7SfE8GNG3ZFybNT",
                "count": 600,
                "amount_satoshi": 37320000,
                "amount_btc": 0.3732
            },
            {
                "address": "381554zbSDVMv852CSEcq38aacEA267Loh",
                "count": 600,
                "amount_satoshi": 37320000,
                "amount_btc": 0.3732
            },
            {
                "address": "bc1qgug9qlathjm7szlpfh09ku3uhgc9hjn2j0s90z",
                "count": 600,
                "amount_satoshi": 37320000,
                "amount_btc": 0.3732
            },
            {
                "address": "bc1qft7p6zdhr3h6wfe73aap29atksaqqhhpjnd38j",
                "count": 600,
                "amount_satoshi": 37320000,
                "amount_btc": 0.3732
            },
            {
                "address": "bc1qp0m48exeg50z4fnvsy8pl9rxyy4zk5rvkz4p4k",
                "count": 600,
                "amount_satoshi": 37320000,
                "amount_btc": 0.3732
            },
            {
                "address": "bc1q2jw4u8mk7dxevqdx3fun04t632x7wcxvevmz5z",
                "count": 600,
                "amount_satoshi": 37320000,
                "amount_btc": 0.3732
            },
            {
                "address": "3C96ekWjXXf7dK81Ded3bK9GH6HBLiSKiQ",
                "count": 600,
                "amount_satoshi": 37320000,
                "amount_btc": 0.3732
            },
            {
                "address": "34K3xv4spbiT69i2RjkfsGvyonz9tKcupo",
                "count": 600,
                "amount_satoshi": 37320000,
                "amount_btc": 0.3732
            },
            {
                "address": "32SthwViAEi7ZeWKjAsqtLg8HSPx4dwt7P",
                "count": 600,
                "amount_satoshi": 37320000,
                "amount_btc": 0.3732
            },
            {
                "address": "bc1qxehjrtnhfpr4wwpm4yxvhgucu2z07swzxtqnf2",
                "count": 600,
                "amount_satoshi": 37320000,
                "amount_btc": 0.3732
            },
            {
                "address": "bc1qnvv2a2r5e6p5mvjkuaccqwmqsffd9mt969es26",
                "count": 600,
                "amount_satoshi": 37320000,
                "amount_btc": 0.3732
            },
            {
                "address": "bc1qjlyeaamu62sq4pk88vhm7mq9p9e3ptuswu38sc",
                "count": 600,
                "amount_satoshi": 37320000,
                "amount_btc": 0.3732
            },
            {
                "address": "3C7nw11XUriY8iYsCvrDLPY9bJhfoCSznc",
                "count": 600,
                "amount_satoshi": 37320000,
                "amount_btc": 0.3732
            },
            {
                "address": "3AS37rX7scd6nbU3pmhvYBD5NLp4FPreFc",
                "count": 600,
                "amount_satoshi": 37320000,
                "amount_btc": 0.3732
            },
            {
                "address": "bc1qjrljlxt5r2q94yqzem6kps48k75py0u25rk4pk",
                "count": 600,
                "amount_satoshi": 37320000,
                "amount_btc": 0.3732
            },
            {
                "address": "bc1q6u0hh7psc9c2pgexs3x5qqrqmmpj6qw3kfy335",
                "count": 600,
                "amount_satoshi": 37320000,
                "amount_btc": 0.3732
            },
            {
                "address": "3A6bNJQfoiUhXGegtpCnyvW3A58yk5ifWm",
                "count": 600,
                "amount_satoshi": 37320000,
                "amount_btc": 0.3732
            },
            {
                "address": "39k21xqm3VqrUn2f7MqBqioPmxA9tNoeeR",
                "count": 600,
                "amount_satoshi": 37320000,
                "amount_btc": 0.3732
            },
            {
                "address": "bc1qgphukdycaw63r7pyrtg7zr8t4e6y9n0p8teevs",
                "count": 600,
                "amount_satoshi": 37320000,
                "amount_btc": 0.3732
            },
            {
                "address": "34CNWDEQoWYZgB2oYY39WdX1jUnb8e1pwC",
                "count": 600,
                "amount_satoshi": 37320000,
                "amount_btc": 0.3732
            },
            {
                "address": "33oRtByuRLmnRNGuidysGm1Vo97w5hAZ5Y",
                "count": 600,
                "amount_satoshi": 37320000,
                "amount_btc": 0.3732
            },
            {
                "address": "bc1qrm8xk7gn6ckmlq8dv3x7jg80lplw7yeqg9zqq4",
                "count": 600,
                "amount_satoshi": 37320000,
                "amount_btc": 0.3732
            },
            {
                "address": "bc1q7cujcctwg3224ke9py2jejcl4k7hc7kx4zax6a",
                "count": 600,
                "amount_satoshi": 37320000,
                "amount_btc": 0.3732
            },
            {
                "address": "35F2kUqN7w6u9SR9N1jQvo88RYTYDG5shd",
                "count": 600,
                "amount_satoshi": 37320000,
                "amount_btc": 0.3732
            },
            {
                "address": "36N2f5WVSkXZkxG8ULcadY6HW7dtP1VMpp",
                "count": 600,
                "amount_satoshi": 37320000,
                "amount_btc": 0.3732
            },
            {
                "address": "bc1qn7p3s07kyj6jazxc5z7w6gpgt0n4u4d5lcqcg5",
                "count": 600,
                "amount_satoshi": 37320000,
                "amount_btc": 0.3732
            },
            {
                "address": "32shDc7fM5GZrx2EU9qLMAT1g87KNiQN8h",
                "count": 600,
                "amount_satoshi": 37320000,
                "amount_btc": 0.3732
            },
            {
                "address": "33a8RJ1B7sKiUP2WFUhdkvxnSp7yNuWbAY",
                "count": 600,
                "amount_satoshi": 37320000,
                "amount_btc": 0.3732
            },
            {
                "address": "bc1qj75u79yhry3dwzqj4lcpxll3wve2l9t0apaht2",
                "count": 600,
                "amount_satoshi": 37320000,
                "amount_btc": 0.3732
            },
            {
                "address": "32dw7Q423aksfSEVuLg4Ac4tCY8dgTrRJY",
                "count": 600,
                "amount_satoshi": 37320000,
                "amount_btc": 0.3732
            },
            {
                "address": "3B465fK4ng1XkFMpb7uxyAsppeBKzGju1a",
                "count": 600,
                "amount_satoshi": 37320000,
                "amount_btc": 0.3732
            },
            {
                "address": "bc1q09ws4wyuscgu8y9tawjttsfed3wmd7g9jrqkz4",
                "count": 600,
                "amount_satoshi": 37320000,
                "amount_btc": 0.3732
            },
            {
                "address": "38tQnrLAn7uYvHgQ4d68p8RmwmqzWXybkD",
                "count": 600,
                "amount_satoshi": 37320000,
                "amount_btc": 0.3732
            },
            {
                "address": "bc1qypvc8ec0xyyk7v8j08uvwv8auycryr9k7ycqzk",
                "count": 600,
                "amount_satoshi": 37320000,
                "amount_btc": 0.3732
            },
            {
                "address": "bc1q7260h9fvnrf3sq9lcwnz078k85uu3vjs5569gg",
                "count": 600,
                "amount_satoshi": 37320000,
                "amount_btc": 0.3732
            }
        ],
        "total_detail": 60000,
        "total_duplicate_addresses": 100,
        "total_duplicate_addresses_BTC": 37.31999999999999,
        "time": 1302.1357460021973
    }
}
----- bc1q6kf7mzagkxk537lr8x2y9majjalng9tfvz8mcm -----
{
    "message": [
        {
            "tx_id": "81ce8b8a0280d73f729f16e69c8bd9b6fd5d6959fc29b5ff2cbd550ab2819624",
            "address": "bc1q6kzyxzd379h5xhn08g7y3c2jcnarhhna3z8mcm",
            "amount_satoshi": 443,
            "amount_btc": 4.43e-6,
            "date": 1736731441,
            "type": "receive"
        },
        {
            "tx_id": "012d39fb267d1e0370d29037bb1e5418c0e9df20dd5fae8b85bc21e3ea7e6fcf",
            "address": "3Pja5FPK1wFB9LkWWJai8XYL1qjbqqT9Ye",
            "amount_satoshi": 69176,
            "amount_btc": 0.00069176,
            "date": 1721941500,
            "type": "receive"
        },
        {
            "tx_id": "9698ec7cf6444588904033c0f3759a9cd997088e77d13d5cc36222bd49171057",
            "address": "3Pja5FPK1wFB9LkWWJai8XYL1qjbqqT9Ye",
            "amount_satoshi": 69176,
            "amount_btc": 0.00069176,
            "date": 1721938646,
            "type": "receive"
        },
        {
            "tx_id": "2014295c25500fb1c896260ea9a5c549b7fed33dc880a21156f65ff435f39c32",
            "address": "bc1q5ncqdn3za2s26awd9ewcqtuep40r7lcmzuad8r",
            "amount_satoshi": 1647109592,
            "amount_btc": 16.47109592,
            "date": 1719036091,
            "type": "receive"
        },
        {
            "tx_id": "2014295c25500fb1c896260ea9a5c549b7fed33dc880a21156f65ff435f39c32",
            "address": "bc1q5ncqdn3za2s26awd9ewcqtuep40r7lcmzuad8r",
            "amount_satoshi": 122820,
            "amount_btc": 0.0012282,
            "date": 1719036091,
            "type": "receive"
        },
        {
            "tx_id": "2014295c25500fb1c896260ea9a5c549b7fed33dc880a21156f65ff435f39c32",
            "address": "bc1q5ncqdn3za2s26awd9ewcqtuep40r7lcmzuad8r",
            "amount_satoshi": 122820,
            "amount_btc": 0.0012282,
            "date": 1719036091,
            "type": "receive"
        }
    ]
}
----- bc1q5ncqdn3za2s26awd9ewcqtuep40r7lcmzuad8r -----
{
    "message": [
        {
            "tx_id": "2014295c25500fb1c896260ea9a5c549b7fed33dc880a21156f65ff435f39c32",
            "address": "bc1q6kf7mzagkxk537lr8x2y9majjalng9tfvz8mcm",
            "amount_satoshi": 1647348590,
            "amount_btc": 16.4734859,
            "date": 1719036091,
            "type": "send"
        },
        {
            "tx_id": "9d7ba96345b8b399770791ea3a9a32372ddd562b87a7b4531c0634adea5fae2a",
            "address": "3Pja5FPK1wFB9LkWWJai8XYL1qjbqqT9Ye",
            "amount_satoshi": 124564,
            "amount_btc": 0.00124564,
            "date": 1656864055,
            "type": "receive"
        },
        {
            "tx_id": "76c65eeb872de467a4a86b31805f0847ec1e9281af9ea6a78a6b5ceed7871792",
            "address": "3Pja5FPK1wFB9LkWWJai8XYL1qjbqqT9Ye",
            "amount_satoshi": 124564,
            "amount_btc": 0.00124564,
            "date": 1656861504,
            "type": "receive"
        },
        {
            "tx_id": "3240970c3764317a579f42a2e0c79f7ba9b993697f9f690dd1be84e951cb7d7b",
            "address": "3Pja5FPK1wFB9LkWWJai8XYL1qjbqqT9Ye",
            "amount_satoshi": 1647184592,
            "amount_btc": 16.47184592,
            "date": 1609185850,
            "type": "receive"
        }
    ]
}
