{
    "message": "START at: 2025-10-26 11:36:46"
}
{
    "message": "Email sent successfully at 2025-10-26 11:36:46"
}
{
    "message": "START at: 2025-10-26 16:43:05"
}
{
    "message": "START FILE QUEUE at: 2025-10-27 23:01:06"
}
{
    "message": "MailService - Email sent successfully at 2025-10-27 23:19:48"
}
{
    "message": "START FILE QUEUE at: 2025-10-27 23:43:50"
}
{
    "message": "START FILE QUEUE at: 2025-10-28 21:05:07"
}
{
    "message": "START FILE QUEUE at: 2025-10-28 22:05:17"
}
